2018-12-28 10:37:29.376  INFO 7814 --- [main] com.maimeng.waihu.WaihuApplicationTests  : Starting WaihuApplicationTests on weifengdeMacBook-Pro.local with PID 7814 (started by wuwf in /Users/wuwf/project/waihu)
2018-12-28 10:37:29.381  INFO 7814 --- [main] com.maimeng.waihu.WaihuApplicationTests  : The following profiles are active: local
2018-12-28 10:37:31.026  INFO 7814 --- [main] .s.d.r.c.RepositoryConfigurationDelegate : Bootstrapping Spring Data repositories in DEFAULT mode.
2018-12-28 10:37:31.180  INFO 7814 --- [main] .s.d.r.c.RepositoryConfigurationDelegate : Finished Spring Data repository scanning in 139ms. Found 5 repository interfaces.
2018-12-28 10:37:32.023  INFO 7814 --- [main] trationDelegate$BeanPostProcessorChecker : Bean 'org.springframework.transaction.annotation.ProxyTransactionManagementConfiguration' of type [org.springframework.transaction.annotation.ProxyTransactionManagementConfiguration$$EnhancerBySpringCGLIB$$5fed3519] is not eligible for getting processed by all BeanPostProcessors (for example: not eligible for auto-proxying)
2018-12-28 10:37:32.622  INFO 7814 --- [main] o.hibernate.jpa.internal.util.LogHelper  : HHH000204: Processing PersistenceUnitInfo [
	name: default
	...]
2018-12-28 10:37:32.864  INFO 7814 --- [main] org.hibernate.Version                    : HHH000412: Hibernate Core {5.3.7.Final}
2018-12-28 10:37:32.868  INFO 7814 --- [main] org.hibernate.cfg.Environment            : HHH000206: hibernate.properties not found
2018-12-28 10:37:33.134  INFO 7814 --- [main] o.hibernate.annotations.common.Version   : HCANN000001: Hibernate Commons Annotations {5.0.4.Final}
2018-12-28 10:37:33.405  INFO 7814 --- [main] com.zaxxer.hikari.HikariDataSource       : HikariPool-1 - Starting...
2018-12-28 10:37:33.993  INFO 7814 --- [main] com.zaxxer.hikari.HikariDataSource       : HikariPool-1 - Start completed.
2018-12-28 10:37:34.032  INFO 7814 --- [main] org.hibernate.dialect.Dialect            : HHH000400: Using dialect: org.hibernate.dialect.MySQL5InnoDBDialect
2018-12-28 10:37:35.556  INFO 7814 --- [main] j.LocalContainerEntityManagerFactoryBean : Initialized JPA EntityManagerFactory for persistence unit 'default'
2018-12-28 10:37:37.338  INFO 7814 --- [main] c.m.waihu.core.manager.LoginManager      : 返回值：BaseData{result='success', tokenid='3b99a8fb9c0952986d3bcc2cc140e87d'}
2018-12-28 10:37:38.469  INFO 7814 --- [main] c.m.waihu.core.manager.ProjectManager    : 返回值：ProjectData{data=[Project{prjid='1', type='手工拨号', name='手工拨号'}, Project{prjid='3', type='外呼项目', name='火花思维'}]}
2018-12-28 10:37:38.505  INFO 7814 --- [main] o.h.h.i.QueryTranslatorFactoryInitiator  : HHH000397: Using ASTQueryTranslatorFactory
2018-12-28 10:37:40.900  INFO 7814 --- [main] c.maimeng.waihu.core.manager.SubManager  : 返回值：SubData{prjid='4', data=null}
2018-12-28 10:37:41.024  INFO 7814 --- [main] c.maimeng.waihu.core.manager.SubManager  : 返回值：SubData{prjid='5', data=null}
2018-12-28 10:37:41.137  INFO 7814 --- [main] c.maimeng.waihu.core.manager.SubManager  : 返回值：SubData{prjid='6', data=null}
2018-12-28 10:37:41.305  INFO 7814 --- [main] c.maimeng.waihu.core.manager.SubManager  : 返回值：SubData{prjid='7', data=null}
2018-12-28 10:37:41.412  INFO 7814 --- [main] c.maimeng.waihu.core.manager.SubManager  : 返回值：SubData{prjid='8', data=[Sub{subid='149', name='预约测试', status='已暂停', prjid='null'}, Sub{subid='150', name='201811281522_[896725]', status='已暂停', prjid='null'}]}
2018-12-28 10:37:41.548  INFO 7814 --- [main] c.maimeng.waihu.core.manager.SubManager  : 返回值：SubData{prjid='9', data=null}
2018-12-28 10:37:41.658  INFO 7814 --- [main] c.maimeng.waihu.core.manager.SubManager  : 返回值：SubData{prjid='1', data=[Sub{subid='1', name='手工预约', status='进行中', prjid='null'}]}
2018-12-28 10:37:41.781  INFO 7814 --- [main] c.maimeng.waihu.core.manager.SubManager  : 返回值：SubData{prjid='3', data=[Sub{subid='7', name='hh1122', status='进行中', prjid='null'}]}
2018-12-28 10:37:45.940  INFO 7814 --- [main] o.s.s.concurrent.ThreadPoolTaskExecutor  : Initializing ExecutorService 'applicationTaskExecutor'
2018-12-28 10:37:46.052  WARN 7814 --- [main] aWebConfiguration$JpaWebMvcConfiguration : spring.jpa.open-in-view is enabled by default. Therefore, database queries may be performed during view rendering. Explicitly configure spring.jpa.open-in-view to disable this warning
2018-12-28 10:37:46.528  INFO 7814 --- [main] o.s.s.c.ThreadPoolTaskScheduler          : Initializing ExecutorService 'taskScheduler'
2018-12-28 10:37:46.657  INFO 7814 --- [main] com.maimeng.waihu.WaihuApplicationTests  : Started WaihuApplicationTests in 18.036 seconds (JVM running for 19.439)
2018-12-28 10:37:46.932  INFO 7814 --- [main] c.m.waihu.core.manager.LoginManager      : 返回值：BaseData{result='success', tokenid='544383e14c16865e4729d89710fcca05'}
2018-12-28 10:37:47.044  INFO 7814 --- [main] c.m.waihu.core.manager.ProjectManager    : 返回值：ProjectData{data=[Project{prjid='1', type='手工拨号', name='手工拨号'}, Project{prjid='3', type='外呼项目', name='火花思维'}]}
2018-12-28 10:37:47.129  INFO 7814 --- [Thread-2] o.s.s.c.ThreadPoolTaskScheduler          : Shutting down ExecutorService 'taskScheduler'
2018-12-28 10:37:47.131  INFO 7814 --- [Thread-2] o.s.s.concurrent.ThreadPoolTaskExecutor  : Shutting down ExecutorService 'applicationTaskExecutor'
2018-12-28 10:37:47.134  INFO 7814 --- [Thread-2] j.LocalContainerEntityManagerFactoryBean : Closing JPA EntityManagerFactory for persistence unit 'default'
2018-12-28 10:37:47.139  INFO 7814 --- [Thread-2] com.zaxxer.hikari.HikariDataSource       : HikariPool-1 - Shutdown initiated...
2018-12-28 10:37:47.157  INFO 7814 --- [Thread-2] com.zaxxer.hikari.HikariDataSource       : HikariPool-1 - Shutdown completed.
